# JRE version: OpenJDK Runtime Environment GraalVM CE 22.3.0 (17.0.5+8) (build 17.0.5+8-jvmci-22.3-b08)
# Java VM: OpenJDK 64-Bit Server VM GraalVM CE 22.3.0 (17.0.5+8-jvmci-22.3-b08, mixed mode, sharing, tiered, jvmci, jvmci compiler, compressed oops, compressed class ptrs, parallel gc, linux-amd64)
GC Precious Log:
 CPUs: 4 total, 1 available
 Memory: 1024M
 Large Page Support: Disabled
 NUMA Support: Disabled
 Compressed Oops: Enabled (32-bit)
 Alignments: Space 512K, Generation 512K, Heap 2M
 Heap Min Capacity: 100M
 Heap Initial Capacity: 100M
 Heap Max Capacity: 512M
 Pre-touch: Disabled
 Parallel Workers: 1
Heap:
 PSYoungGen      total 64512K, used 48127K [0x00000000f5580000, 0x00000000fb000000, 0x0000000100000000)
  eden space 48128K, 99% used [0x00000000f5580000,0x00000000f847fff8,0x00000000f8480000)
  from space 16384K, 0% used [0x00000000f8480000,0x00000000f8480000,0x00000000f9480000)
  to   space 18944K, 0% used [0x00000000f9d80000,0x00000000f9d80000,0x00000000fb000000)
 ParOldGen       total 349696K, used 349696K [0x00000000e0000000, 0x00000000f5580000, 0x00000000f5580000)
  object space 349696K, 100% used [0x00000000e0000000,0x00000000f5580000,0x00000000f5580000)
 Metaspace       used 65563K, committed 66496K, reserved 1114112K
  class space    used 6062K, committed 6528K, reserved 1048576K
GC Heap History (20 events):
Event: 2997.745 GC heap before
{Heap before GC invocations=2611 (full 2449):
 PSYoungGen      total 64512K, used 48128K [0x00000000f5580000, 0x00000000fb000000, 0x0000000100000000)
  eden space 48128K, 100% used [0x00000000f5580000,0x00000000f8480000,0x00000000f8480000)
  from space 16384K, 0% used [0x00000000f8480000,0x00000000f8480000,0x00000000f9480000)
  to   space 18944K, 0% used [0x00000000f9d80000,0x00000000f9d80000,0x00000000fb000000)
 ParOldGen       total 349696K, used 349696K [0x00000000e0000000, 0x00000000f5580000, 0x00000000f5580000)
  object space 349696K, 100% used [0x00000000e0000000,0x00000000f5580000,0x00000000f5580000)
 Metaspace       used 65563K, committed 66496K, reserved 1114112K
  class space    used 6062K, committed 6528K, reserved 1048576K
}
Event: 2998.854 GC heap after
{Heap after GC invocations=2611 (full 2449):
 PSYoungGen      total 67072K, used 48127K [0x00000000f5580000, 0x00000000fb000000, 0x0000000100000000)
  eden space 48128K, 99% used [0x00000000f5580000,0x00000000f847ffb0,0x00000000f8480000)
  from space 18944K, 0% used [0x00000000f9d80000,0x00000000f9d80000,0x00000000fb000000)
  to   space 16384K, 0% used [0x00000000f8480000,0x00000000f8480000,0x00000000f9480000)
 ParOldGen       total 349696K, used 349696K [0x00000000e0000000, 0x00000000f5580000, 0x00000000f5580000)
  object space 349696K, 100% used [0x00000000e0000000,0x00000000f5580000,0x00000000f5580000)
 Metaspace       used 65563K, committed 66496K, reserved 1114112K
  class space    used 6062K, committed 6528K, reserved 1048576K
}
Event: 2998.854 GC heap before
{Heap before GC invocations=2612 (full 2450):
 PSYoungGen      total 67072K, used 48127K [0x00000000f5580000, 0x00000000fb000000, 0x0000000100000000)
  eden space 48128K, 99% used [0x00000000f5580000,0x00000000f847ffb0,0x00000000f8480000)
  from space 18944K, 0% used [0x00000000f9d80000,0x00000000f9d80000,0x00000000fb000000)
  to   space 16384K, 0% used [0x00000000f8480000,0x00000000f8480000,0x00000000f9480000)
 ParOldGen       total 349696K, used 349696K [0x00000000e0000000, 0x00000000f5580000, 0x00000000f5580000)
  object space 349696K, 100% used [0x00000000e0000000,0x00000000f5580000,0x00000000f5580000)
 Metaspace       used 65563K, committed 66496K, reserved 1114112K
  class space    used 6062K, committed 6528K, reserved 1048576K
}
Event: 2999.829 GC heap after
{Heap after GC invocations=2612 (full 2450):
 PSYoungGen      total 64512K, used 48127K [0x00000000f5580000, 0x00000000fb000000, 0x0000000100000000)
  eden space 48128K, 99% used [0x00000000f5580000,0x00000000f847ffb0,0x00000000f8480000)
  from space 16384K, 0% used [0x00000000f8480000,0x00000000f8480000,0x00000000f9480000)
  to   space 18944K, 0% used [0x00000000f9d80000,0x00000000f9d80000,0x00000000fb000000)
 ParOldGen       total 349696K, used 349696K [0x00000000e0000000, 0x00000000f5580000, 0x00000000f5580000)
  object space 349696K, 100% used [0x00000000e0000000,0x00000000f5580000,0x00000000f5580000)
 Metaspace       used 65563K, committed 66496K, reserved 1114112K
  class space    used 6062K, committed 6528K, reserved 1048576K
}
Event: 2999.829 GC heap before
{Heap before GC invocations=2613 (full 2451):
 PSYoungGen      total 64512K, used 48128K [0x00000000f5580000, 0x00000000fb000000, 0x0000000100000000)
  eden space 48128K, 100% used [0x00000000f5580000,0x00000000f8480000,0x00000000f8480000)
  from space 16384K, 0% used [0x00000000f8480000,0x00000000f8480000,0x00000000f9480000)
  to   space 18944K, 0% used [0x00000000f9d80000,0x00000000f9d80000,0x00000000fb000000)
 ParOldGen       total 349696K, used 349696K [0x00000000e0000000, 0x00000000f5580000, 0x00000000f5580000)
  object space 349696K, 100% used [0x00000000e0000000,0x00000000f5580000,0x00000000f5580000)
 Metaspace       used 65563K, committed 66496K, reserved 1114112K
  class space    used 6062K, committed 6528K, reserved 1048576K
}
Event: 3000.745 GC heap after
{Heap after GC invocations=2613 (full 2451):
 PSYoungGen      total 67072K, used 48127K [0x00000000f5580000, 0x00000000fb000000, 0x0000000100000000)
  eden space 48128K, 99% used [0x00000000f5580000,0x00000000f847ffe0,0x00000000f8480000)
  from space 18944K, 0% used [0x00000000f9d80000,0x00000000f9d80000,0x00000000fb000000)
  to   space 16384K, 0% used [0x00000000f8480000,0x00000000f8480000,0x00000000f9480000)
 ParOldGen       total 349696K, used 349696K [0x00000000e0000000, 0x00000000f5580000, 0x00000000f5580000)
  object space 349696K, 100% used [0x00000000e0000000,0x00000000f5580000,0x00000000f5580000)
 Metaspace       used 65563K, committed 66496K, reserved 1114112K
  class space    used 6062K, committed 6528K, reserved 1048576K
}
Event: 3000.745 GC heap before
{Heap before GC invocations=2614 (full 2452):
 PSYoungGen      total 67072K, used 48127K [0x00000000f5580000, 0x00000000fb000000, 0x0000000100000000)
  eden space 48128K, 99% used [0x00000000f5580000,0x00000000f847ffe0,0x00000000f8480000)
  from space 18944K, 0% used [0x00000000f9d80000,0x00000000f9d80000,0x00000000fb000000)
  to   space 16384K, 0% used [0x00000000f8480000,0x00000000f8480000,0x00000000f9480000)
 ParOldGen       total 349696K, used 349696K [0x00000000e0000000, 0x00000000f5580000, 0x00000000f5580000)
  object space 349696K, 100% used [0x00000000e0000000,0x00000000f5580000,0x00000000f5580000)
 Metaspace       used 65563K, committed 66496K, reserved 1114112K
  class space    used 6062K, committed 6528K, reserved 1048576K
}
Event: 3001.625 GC heap after
{Heap after GC invocations=2614 (full 2452):
 PSYoungGen      total 64512K, used 48127K [0x00000000f5580000, 0x00000000fb000000, 0x0000000100000000)
  eden space 48128K, 99% used [0x00000000f5580000,0x00000000f847ffe0,0x00000000f8480000)
  from space 16384K, 0% used [0x00000000f8480000,0x00000000f8480000,0x00000000f9480000)
  to   space 18944K, 0% used [0x00000000f9d80000,0x00000000f9d80000,0x00000000fb000000)
 ParOldGen       total 349696K, used 349696K [0x00000000e0000000, 0x00000000f5580000, 0x00000000f5580000)
  object space 349696K, 100% used [0x00000000e0000000,0x00000000f5580000,0x00000000f5580000)
 Metaspace       used 65563K, committed 66496K, reserved 1114112K
  class space    used 6062K, committed 6528K, reserved 1048576K
}
Event: 3001.625 GC heap before
{Heap before GC invocations=2615 (full 2453):
 PSYoungGen      total 64512K, used 48128K [0x00000000f5580000, 0x00000000fb000000, 0x0000000100000000)
  eden space 48128K, 100% used [0x00000000f5580000,0x00000000f8480000,0x00000000f8480000)
  from space 16384K, 0% used [0x00000000f8480000,0x00000000f8480000,0x00000000f9480000)
  to   space 18944K, 0% used [0x00000000f9d80000,0x00000000f9d80000,0x00000000fb000000)
 ParOldGen       total 349696K, used 349696K [0x00000000e0000000, 0x00000000f5580000, 0x00000000f5580000)
  object space 349696K, 100% used [0x00000000e0000000,0x00000000f5580000,0x00000000f5580000)
 Metaspace       used 65563K, committed 66496K, reserved 1114112K
  class space    used 6062K, committed 6528K, reserved 1048576K
}
Event: 3002.527 GC heap after
{Heap after GC invocations=2615 (full 2453):
 PSYoungGen      total 67072K, used 48127K [0x00000000f5580000, 0x00000000fb000000, 0x0000000100000000)
  eden space 48128K, 99% used [0x00000000f5580000,0x00000000f847ffe0,0x00000000f8480000)
  from space 18944K, 0% used [0x00000000f9d80000,0x00000000f9d80000,0x00000000fb000000)
  to   space 16384K, 0% used [0x00000000f8480000,0x00000000f8480000,0x00000000f9480000)
 ParOldGen       total 349696K, used 349696K [0x00000000e0000000, 0x00000000f5580000, 0x00000000f5580000)
  object space 349696K, 100% used [0x00000000e0000000,0x00000000f5580000,0x00000000f5580000)
 Metaspace       used 65563K, committed 66496K, reserved 1114112K
  class space    used 6062K, committed 6528K, reserved 1048576K
}
Event: 3002.527 GC heap before
{Heap before GC invocations=2616 (full 2454):
 PSYoungGen      total 67072K, used 48128K [0x00000000f5580000, 0x00000000fb000000, 0x0000000100000000)
  eden space 48128K, 100% used [0x00000000f5580000,0x00000000f8480000,0x00000000f8480000)
  from space 18944K, 0% used [0x00000000f9d80000,0x00000000f9d80000,0x00000000fb000000)
  to   space 16384K, 0% used [0x00000000f8480000,0x00000000f8480000,0x00000000f9480000)
 ParOldGen       total 349696K, used 349696K [0x00000000e0000000, 0x00000000f5580000, 0x00000000f5580000)
  object space 349696K, 100% used [0x00000000e0000000,0x00000000f5580000,0x00000000f5580000)
 Metaspace       used 65563K, committed 66496K, reserved 1114112K
  class space    used 6062K, committed 6528K, reserved 1048576K
}
Event: 3003.439 GC heap after
{Heap after GC invocations=2616 (full 2454):
 PSYoungGen      total 64512K, used 48127K [0x00000000f5580000, 0x00000000fb000000, 0x0000000100000000)
  eden space 48128K, 99% used [0x00000000f5580000,0x00000000f847ffc0,0x00000000f8480000)
  from space 16384K, 0% used [0x00000000f8480000,0x00000000f8480000,0x00000000f9480000)
  to   space 18944K, 0% used [0x00000000f9d80000,0x00000000f9d80000,0x00000000fb000000)
 ParOldGen       total 349696K, used 349696K [0x00000000e0000000, 0x00000000f5580000, 0x00000000f5580000)
  object space 349696K, 100% used [0x00000000e0000000,0x00000000f5580000,0x00000000f5580000)
 Metaspace       used 65563K, committed 66496K, reserved 1114112K
  class space    used 6062K, committed 6528K, reserved 1048576K
}
Event: 3003.439 GC heap before
{Heap before GC invocations=2617 (full 2455):
 PSYoungGen      total 64512K, used 48128K [0x00000000f5580000, 0x00000000fb000000, 0x0000000100000000)
  eden space 48128K, 100% used [0x00000000f5580000,0x00000000f8480000,0x00000000f8480000)
  from space 16384K, 0% used [0x00000000f8480000,0x00000000f8480000,0x00000000f9480000)
  to   space 18944K, 0% used [0x00000000f9d80000,0x00000000f9d80000,0x00000000fb000000)
 ParOldGen       total 349696K, used 349696K [0x00000000e0000000, 0x00000000f5580000, 0x00000000f5580000)
  object space 349696K, 100% used [0x00000000e0000000,0x00000000f5580000,0x00000000f5580000)
 Metaspace       used 65563K, committed 66496K, reserved 1114112K
  class space    used 6062K, committed 6528K, reserved 1048576K
}
Event: 3004.335 GC heap after
{Heap after GC invocations=2617 (full 2455):
 PSYoungGen      total 67072K, used 48127K [0x00000000f5580000, 0x00000000fb000000, 0x0000000100000000)
  eden space 48128K, 99% used [0x00000000f5580000,0x00000000f847ffe0,0x00000000f8480000)
  from space 18944K, 0% used [0x00000000f9d80000,0x00000000f9d80000,0x00000000fb000000)
  to   space 16384K, 0% used [0x00000000f8480000,0x00000000f8480000,0x00000000f9480000)
 ParOldGen       total 349696K, used 349696K [0x00000000e0000000, 0x00000000f5580000, 0x00000000f5580000)
  object space 349696K, 100% used [0x00000000e0000000,0x00000000f5580000,0x00000000f5580000)
 Metaspace       used 65563K, committed 66496K, reserved 1114112K
  class space    used 6062K, committed 6528K, reserved 1048576K
}
Event: 3004.335 GC heap before
{Heap before GC invocations=2618 (full 2456):
 PSYoungGen      total 67072K, used 48127K [0x00000000f5580000, 0x00000000fb000000, 0x0000000100000000)
  eden space 48128K, 99% used [0x00000000f5580000,0x00000000f847fff0,0x00000000f8480000)
  from space 18944K, 0% used [0x00000000f9d80000,0x00000000f9d80000,0x00000000fb000000)
  to   space 16384K, 0% used [0x00000000f8480000,0x00000000f8480000,0x00000000f9480000)
 ParOldGen       total 349696K, used 349696K [0x00000000e0000000, 0x00000000f5580000, 0x00000000f5580000)
  object space 349696K, 100% used [0x00000000e0000000,0x00000000f5580000,0x00000000f5580000)
 Metaspace       used 65563K, committed 66496K, reserved 1114112K
  class space    used 6062K, committed 6528K, reserved 1048576K
}
Event: 3005.251 GC heap after
{Heap after GC invocations=2618 (full 2456):
 PSYoungGen      total 64512K, used 48127K [0x00000000f5580000, 0x00000000fb000000, 0x0000000100000000)
  eden space 48128K, 99% used [0x00000000f5580000,0x00000000f847ffe0,0x00000000f8480000)
  from space 16384K, 0% used [0x00000000f8480000,0x00000000f8480000,0x00000000f9480000)
  to   space 18944K, 0% used [0x00000000f9d80000,0x00000000f9d80000,0x00000000fb000000)
 ParOldGen       total 349696K, used 349696K [0x00000000e0000000, 0x00000000f5580000, 0x00000000f5580000)
  object space 349696K, 100% used [0x00000000e0000000,0x00000000f5580000,0x00000000f5580000)
 Metaspace       used 65563K, committed 66496K, reserved 1114112K
  class space    used 6062K, committed 6528K, reserved 1048576K
}
Event: 3005.251 GC heap before
{Heap before GC invocations=2619 (full 2457):
 PSYoungGen      total 64512K, used 48127K [0x00000000f5580000, 0x00000000fb000000, 0x0000000100000000)
  eden space 48128K, 99% used [0x00000000f5580000,0x00000000f847fff8,0x00000000f8480000)
  from space 16384K, 0% used [0x00000000f8480000,0x00000000f8480000,0x00000000f9480000)
  to   space 18944K, 0% used [0x00000000f9d80000,0x00000000f9d80000,0x00000000fb000000)
 ParOldGen       total 349696K, used 349696K [0x00000000e0000000, 0x00000000f5580000, 0x00000000f5580000)
  object space 349696K, 100% used [0x00000000e0000000,0x00000000f5580000,0x00000000f5580000)
 Metaspace       used 65563K, committed 66496K, reserved 1114112K
  class space    used 6062K, committed 6528K, reserved 1048576K
}
Event: 3006.236 GC heap after
{Heap after GC invocations=2619 (full 2457):
 PSYoungGen      total 67072K, used 48127K [0x00000000f5580000, 0x00000000fb000000, 0x0000000100000000)
  eden space 48128K, 99% used [0x00000000f5580000,0x00000000f847fff8,0x00000000f8480000)
  from space 18944K, 0% used [0x00000000f9d80000,0x00000000f9d80000,0x00000000fb000000)
  to   space 16384K, 0% used [0x00000000f8480000,0x00000000f8480000,0x00000000f9480000)
 ParOldGen       total 349696K, used 349696K [0x00000000e0000000, 0x00000000f5580000, 0x00000000f5580000)
  object space 349696K, 100% used [0x00000000e0000000,0x00000000f5580000,0x00000000f5580000)
 Metaspace       used 65563K, committed 66496K, reserved 1114112K
  class space    used 6062K, committed 6528K, reserved 1048576K
}
Event: 3006.237 GC heap before
{Heap before GC invocations=2620 (full 2458):
 PSYoungGen      total 67072K, used 48127K [0x00000000f5580000, 0x00000000fb000000, 0x0000000100000000)
  eden space 48128K, 99% used [0x00000000f5580000,0x00000000f847fff8,0x00000000f8480000)
  from space 18944K, 0% used [0x00000000f9d80000,0x00000000f9d80000,0x00000000fb000000)
  to   space 16384K, 0% used [0x00000000f8480000,0x00000000f8480000,0x00000000f9480000)
 ParOldGen       total 349696K, used 349696K [0x00000000e0000000, 0x00000000f5580000, 0x00000000f5580000)
  object space 349696K, 100% used [0x00000000e0000000,0x00000000f5580000,0x00000000f5580000)
 Metaspace       used 65563K, committed 66496K, reserved 1114112K
  class space    used 6062K, committed 6528K, reserved 1048576K
}
Event: 3007.322 GC heap after
{Heap after GC invocations=2620 (full 2458):
 PSYoungGen      total 64512K, used 48127K [0x00000000f5580000, 0x00000000fb000000, 0x0000000100000000)
  eden space 48128K, 99% used [0x00000000f5580000,0x00000000f847fff8,0x00000000f8480000)
  from space 16384K, 0% used [0x00000000f8480000,0x00000000f8480000,0x00000000f9480000)
  to   space 18944K, 0% used [0x00000000f9d80000,0x00000000f9d80000,0x00000000fb000000)
 ParOldGen       total 349696K, used 349696K [0x00000000e0000000, 0x00000000f5580000, 0x00000000f5580000)
  object space 349696K, 100% used [0x00000000e0000000,0x00000000f5580000,0x00000000f5580000)
 Metaspace       used 65563K, committed 66496K, reserved 1114112K
  class space    used 6062K, committed 6528K, reserved 1048576K
}

