# JRE version: OpenJDK Runtime Environment GraalVM CE 22.3.0 (17.0.5+8) (build 17.0.5+8-jvmci-22.3-b08)
# Java VM: OpenJDK 64-Bit Server VM GraalVM CE 22.3.0 (17.0.5+8-jvmci-22.3-b08, mixed mode, sharing, tiered, jvmci, jvmci compiler, compressed oops, compressed class ptrs, parallel gc, linux-amd64)
GC Precious Log:
 CPUs: 8 total, 1 available
 Memory: 1024M
 Large Page Support: Disabled
 NUMA Support: Disabled
 Compressed Oops: Enabled (32-bit)
 Alignments: Space 512K, Generation 512K, Heap 2M
 Heap Min Capacity: 100M
 Heap Initial Capacity: 100M
 Heap Max Capacity: 512M
 Pre-touch: Disabled
 Parallel Workers: 1
Heap:
 PSYoungGen      total 63488K, used 43519K [0x00000000f5580000, 0x00000000fa800000, 0x0000000100000000)
  eden space 43520K, 99% used [0x00000000f5580000,0x00000000f7fffff0,0x00000000f8000000)
  from space 19968K, 0% used [0x00000000f8700000,0x00000000f8700000,0x00000000f9a80000)
  to   space 9728K, 0% used [0x00000000f9e80000,0x00000000f9e80000,0x00000000fa800000)
 ParOldGen       total 349696K, used 349695K [0x00000000e0000000, 0x00000000f5580000, 0x00000000f5580000)
  object space 349696K, 99% used [0x00000000e0000000,0x00000000f557ffe0,0x00000000f5580000)
 Metaspace       used 61619K, committed 62720K, reserved 1105920K
  class space    used 5947K, committed 6464K, reserved 1048576K
GC Heap History (20 events):
Event: 1989.732 GC heap before
{Heap before GC invocations=913 (full 845):
 PSYoungGen      total 63488K, used 43519K [0x00000000f5580000, 0x00000000fa800000, 0x0000000100000000)
  eden space 43520K, 99% used [0x00000000f5580000,0x00000000f7ffffd0,0x00000000f8000000)
  from space 19968K, 0% used [0x00000000f8700000,0x00000000f8700000,0x00000000f9a80000)
  to   space 9728K, 0% used [0x00000000f9e80000,0x00000000f9e80000,0x00000000fa800000)
 ParOldGen       total 349696K, used 349692K [0x00000000e0000000, 0x00000000f5580000, 0x00000000f5580000)
  object space 349696K, 99% used [0x00000000e0000000,0x00000000f557f3d0,0x00000000f5580000)
 Metaspace       used 61619K, committed 62720K, reserved 1105920K
  class space    used 5947K, committed 6464K, reserved 1048576K
}
Event: 1992.052 GC heap after
{Heap after GC invocations=913 (full 845):
 PSYoungGen      total 53248K, used 43519K [0x00000000f5580000, 0x00000000fa800000, 0x0000000100000000)
  eden space 43520K, 99% used [0x00000000f5580000,0x00000000f7fffea0,0x00000000f8000000)
  from space 9728K, 0% used [0x00000000f9e80000,0x00000000f9e80000,0x00000000fa800000)
  to   space 19968K, 0% used [0x00000000f8700000,0x00000000f8700000,0x00000000f9a80000)
 ParOldGen       total 349696K, used 349692K [0x00000000e0000000, 0x00000000f5580000, 0x00000000f5580000)
  object space 349696K, 99% used [0x00000000e0000000,0x00000000f557f3d0,0x00000000f5580000)
 Metaspace       used 61619K, committed 62720K, reserved 1105920K
  class space    used 5947K, committed 6464K, reserved 1048576K
}
Event: 1992.056 GC heap before
{Heap before GC invocations=914 (full 846):
 PSYoungGen      total 53248K, used 43519K [0x00000000f5580000, 0x00000000fa800000, 0x0000000100000000)
  eden space 43520K, 99% used [0x00000000f5580000,0x00000000f7fffff8,0x00000000f8000000)
  from space 9728K, 0% used [0x00000000f9e80000,0x00000000f9e80000,0x00000000fa800000)
  to   space 19968K, 0% used [0x00000000f8700000,0x00000000f8700000,0x00000000f9a80000)
 ParOldGen       total 349696K, used 349692K [0x00000000e0000000, 0x00000000f5580000, 0x00000000f5580000)
  object space 349696K, 99% used [0x00000000e0000000,0x00000000f557f3d0,0x00000000f5580000)
 Metaspace       used 61619K, committed 62720K, reserved 1105920K
  class space    used 5947K, committed 6464K, reserved 1048576K
}
Event: 1994.330 GC heap after
{Heap after GC invocations=914 (full 846):
 PSYoungGen      total 63488K, used 43519K [0x00000000f5580000, 0x00000000fa800000, 0x0000000100000000)
  eden space 43520K, 99% used [0x00000000f5580000,0x00000000f7ffff28,0x00000000f8000000)
  from space 19968K, 0% used [0x00000000f8700000,0x00000000f8700000,0x00000000f9a80000)
  to   space 9728K, 0% used [0x00000000f9e80000,0x00000000f9e80000,0x00000000fa800000)
 ParOldGen       total 349696K, used 349692K [0x00000000e0000000, 0x00000000f5580000, 0x00000000f5580000)
  object space 349696K, 99% used [0x00000000e0000000,0x00000000f557f3d0,0x00000000f5580000)
 Metaspace       used 61619K, committed 62720K, reserved 1105920K
  class space    used 5947K, committed 6464K, reserved 1048576K
}
Event: 1994.331 GC heap before
{Heap before GC invocations=915 (full 847):
 PSYoungGen      total 63488K, used 43520K [0x00000000f5580000, 0x00000000fa800000, 0x0000000100000000)
  eden space 43520K, 100% used [0x00000000f5580000,0x00000000f8000000,0x00000000f8000000)
  from space 19968K, 0% used [0x00000000f8700000,0x00000000f8700000,0x00000000f9a80000)
  to   space 9728K, 0% used [0x00000000f9e80000,0x00000000f9e80000,0x00000000fa800000)
 ParOldGen       total 349696K, used 349692K [0x00000000e0000000, 0x00000000f5580000, 0x00000000f5580000)
  object space 349696K, 99% used [0x00000000e0000000,0x00000000f557f3d0,0x00000000f5580000)
 Metaspace       used 61619K, committed 62720K, reserved 1105920K
  class space    used 5947K, committed 6464K, reserved 1048576K
}
Event: 1996.239 GC heap after
{Heap after GC invocations=915 (full 847):
 PSYoungGen      total 53248K, used 43519K [0x00000000f5580000, 0x00000000fa800000, 0x0000000100000000)
  eden space 43520K, 99% used [0x00000000f5580000,0x00000000f7ffff40,0x00000000f8000000)
  from space 9728K, 0% used [0x00000000f9e80000,0x00000000f9e80000,0x00000000fa800000)
  to   space 19968K, 0% used [0x00000000f8700000,0x00000000f8700000,0x00000000f9a80000)
 ParOldGen       total 349696K, used 349692K [0x00000000e0000000, 0x00000000f5580000, 0x00000000f5580000)
  object space 349696K, 99% used [0x00000000e0000000,0x00000000f557f3d0,0x00000000f5580000)
 Metaspace       used 61619K, committed 62720K, reserved 1105920K
  class space    used 5947K, committed 6464K, reserved 1048576K
}
Event: 1996.240 GC heap before
{Heap before GC invocations=916 (full 848):
 PSYoungGen      total 53248K, used 43520K [0x00000000f5580000, 0x00000000fa800000, 0x0000000100000000)
  eden space 43520K, 100% used [0x00000000f5580000,0x00000000f8000000,0x00000000f8000000)
  from space 9728K, 0% used [0x00000000f9e80000,0x00000000f9e80000,0x00000000fa800000)
  to   space 19968K, 0% used [0x00000000f8700000,0x00000000f8700000,0x00000000f9a80000)
 ParOldGen       total 349696K, used 349692K [0x00000000e0000000, 0x00000000f5580000, 0x00000000f5580000)
  object space 349696K, 99% used [0x00000000e0000000,0x00000000f557f3d0,0x00000000f5580000)
 Metaspace       used 61619K, committed 62720K, reserved 1105920K
  class space    used 5947K, committed 6464K, reserved 1048576K
}
Event: 1998.391 GC heap after
{Heap after GC invocations=916 (full 848):
 PSYoungGen      total 63488K, used 43519K [0x00000000f5580000, 0x00000000fa800000, 0x0000000100000000)
  eden space 43520K, 99% used [0x00000000f5580000,0x00000000f7ffffc0,0x00000000f8000000)
  from space 19968K, 0% used [0x00000000f8700000,0x00000000f8700000,0x00000000f9a80000)
  to   space 9728K, 0% used [0x00000000f9e80000,0x00000000f9e80000,0x00000000fa800000)
 ParOldGen       total 349696K, used 349692K [0x00000000e0000000, 0x00000000f5580000, 0x00000000f5580000)
  object space 349696K, 99% used [0x00000000e0000000,0x00000000f557f3d0,0x00000000f5580000)
 Metaspace       used 61619K, committed 62720K, reserved 1105920K
  class space    used 5947K, committed 6464K, reserved 1048576K
}
Event: 1998.392 GC heap before
{Heap before GC invocations=917 (full 849):
 PSYoungGen      total 63488K, used 43520K [0x00000000f5580000, 0x00000000fa800000, 0x0000000100000000)
  eden space 43520K, 100% used [0x00000000f5580000,0x00000000f8000000,0x00000000f8000000)
  from space 19968K, 0% used [0x00000000f8700000,0x00000000f8700000,0x00000000f9a80000)
  to   space 9728K, 0% used [0x00000000f9e80000,0x00000000f9e80000,0x00000000fa800000)
 ParOldGen       total 349696K, used 349692K [0x00000000e0000000, 0x00000000f5580000, 0x00000000f5580000)
  object space 349696K, 99% used [0x00000000e0000000,0x00000000f557f3d0,0x00000000f5580000)
 Metaspace       used 61619K, committed 62720K, reserved 1105920K
  class space    used 5947K, committed 6464K, reserved 1048576K
}
Event: 2000.612 GC heap after
{Heap after GC invocations=917 (full 849):
 PSYoungGen      total 53248K, used 43519K [0x00000000f5580000, 0x00000000fa800000, 0x0000000100000000)
  eden space 43520K, 99% used [0x00000000f5580000,0x00000000f7ffffe0,0x00000000f8000000)
  from space 9728K, 0% used [0x00000000f9e80000,0x00000000f9e80000,0x00000000fa800000)
  to   space 19968K, 0% used [0x00000000f8700000,0x00000000f8700000,0x00000000f9a80000)
 ParOldGen       total 349696K, used 349692K [0x00000000e0000000, 0x00000000f5580000, 0x00000000f5580000)
  object space 349696K, 99% used [0x00000000e0000000,0x00000000f557f3d0,0x00000000f5580000)
 Metaspace       used 61619K, committed 62720K, reserved 1105920K
  class space    used 5947K, committed 6464K, reserved 1048576K
}
Event: 2000.613 GC heap before
{Heap before GC invocations=918 (full 850):
 PSYoungGen      total 53248K, used 43520K [0x00000000f5580000, 0x00000000fa800000, 0x0000000100000000)
  eden space 43520K, 100% used [0x00000000f5580000,0x00000000f8000000,0x00000000f8000000)
  from space 9728K, 0% used [0x00000000f9e80000,0x00000000f9e80000,0x00000000fa800000)
  to   space 19968K, 0% used [0x00000000f8700000,0x00000000f8700000,0x00000000f9a80000)
 ParOldGen       total 349696K, used 349695K [0x00000000e0000000, 0x00000000f5580000, 0x00000000f5580000)
  object space 349696K, 99% used [0x00000000e0000000,0x00000000f557fca8,0x00000000f5580000)
 Metaspace       used 61619K, committed 62720K, reserved 1105920K
  class space    used 5947K, committed 6464K, reserved 1048576K
}
Event: 2002.647 GC heap after
{Heap after GC invocations=918 (full 850):
 PSYoungGen      total 63488K, used 43519K [0x00000000f5580000, 0x00000000fa800000, 0x0000000100000000)
  eden space 43520K, 99% used [0x00000000f5580000,0x00000000f7ffffc8,0x00000000f8000000)
  from space 19968K, 0% used [0x00000000f8700000,0x00000000f8700000,0x00000000f9a80000)
  to   space 9728K, 0% used [0x00000000f9e80000,0x00000000f9e80000,0x00000000fa800000)
 ParOldGen       total 349696K, used 349694K [0x00000000e0000000, 0x00000000f5580000, 0x00000000f5580000)
  object space 349696K, 99% used [0x00000000e0000000,0x00000000f557f9d0,0x00000000f5580000)
 Metaspace       used 61619K, committed 62720K, reserved 1105920K
  class space    used 5947K, committed 6464K, reserved 1048576K
}
Event: 2002.647 GC heap before
{Heap before GC invocations=919 (full 851):
 PSYoungGen      total 63488K, used 43520K [0x00000000f5580000, 0x00000000fa800000, 0x0000000100000000)
  eden space 43520K, 100% used [0x00000000f5580000,0x00000000f8000000,0x00000000f8000000)
  from space 19968K, 0% used [0x00000000f8700000,0x00000000f8700000,0x00000000f9a80000)
  to   space 9728K, 0% used [0x00000000f9e80000,0x00000000f9e80000,0x00000000fa800000)
 ParOldGen       total 349696K, used 349694K [0x00000000e0000000, 0x00000000f5580000, 0x00000000f5580000)
  object space 349696K, 99% used [0x00000000e0000000,0x00000000f557f9d0,0x00000000f5580000)
 Metaspace       used 61619K, committed 62720K, reserved 1105920K
  class space    used 5947K, committed 6464K, reserved 1048576K
}
Event: 2004.889 GC heap after
{Heap after GC invocations=919 (full 851):
 PSYoungGen      total 53248K, used 43519K [0x00000000f5580000, 0x00000000fa800000, 0x0000000100000000)
  eden space 43520K, 99% used [0x00000000f5580000,0x00000000f7ffffe0,0x00000000f8000000)
  from space 9728K, 0% used [0x00000000f9e80000,0x00000000f9e80000,0x00000000fa800000)
  to   space 19968K, 0% used [0x00000000f8700000,0x00000000f8700000,0x00000000f9a80000)
 ParOldGen       total 349696K, used 349694K [0x00000000e0000000, 0x00000000f5580000, 0x00000000f5580000)
  object space 349696K, 99% used [0x00000000e0000000,0x00000000f557f9d0,0x00000000f5580000)
 Metaspace       used 61619K, committed 62720K, reserved 1105920K
  class space    used 5947K, committed 6464K, reserved 1048576K
}
Event: 2004.890 GC heap before
{Heap before GC invocations=920 (full 852):
 PSYoungGen      total 53248K, used 43519K [0x00000000f5580000, 0x00000000fa800000, 0x0000000100000000)
  eden space 43520K, 99% used [0x00000000f5580000,0x00000000f7fffff8,0x00000000f8000000)
  from space 9728K, 0% used [0x00000000f9e80000,0x00000000f9e80000,0x00000000fa800000)
  to   space 19968K, 0% used [0x00000000f8700000,0x00000000f8700000,0x00000000f9a80000)
 ParOldGen       total 349696K, used 349694K [0x00000000e0000000, 0x00000000f5580000, 0x00000000f5580000)
  object space 349696K, 99% used [0x00000000e0000000,0x00000000f557f9d0,0x00000000f5580000)
 Metaspace       used 61619K, committed 62720K, reserved 1105920K
  class space    used 5947K, committed 6464K, reserved 1048576K
}
Event: 2007.009 GC heap after
{Heap after GC invocations=920 (full 852):
 PSYoungGen      total 63488K, used 43519K [0x00000000f5580000, 0x00000000fa800000, 0x0000000100000000)
  eden space 43520K, 99% used [0x00000000f5580000,0x00000000f7ffffd8,0x00000000f8000000)
  from space 19968K, 0% used [0x00000000f8700000,0x00000000f8700000,0x00000000f9a80000)
  to   space 9728K, 0% used [0x00000000f9e80000,0x00000000f9e80000,0x00000000fa800000)
 ParOldGen       total 349696K, used 349694K [0x00000000e0000000, 0x00000000f5580000, 0x00000000f5580000)
  object space 349696K, 99% used [0x00000000e0000000,0x00000000f557f9d0,0x00000000f5580000)
 Metaspace       used 61619K, committed 62720K, reserved 1105920K
  class space    used 5947K, committed 6464K, reserved 1048576K
}
Event: 2007.010 GC heap before
{Heap before GC invocations=921 (full 853):
 PSYoungGen      total 63488K, used 43519K [0x00000000f5580000, 0x00000000fa800000, 0x0000000100000000)
  eden space 43520K, 99% used [0x00000000f5580000,0x00000000f7fffff8,0x00000000f8000000)
  from space 19968K, 0% used [0x00000000f8700000,0x00000000f8700000,0x00000000f9a80000)
  to   space 9728K, 0% used [0x00000000f9e80000,0x00000000f9e80000,0x00000000fa800000)
 ParOldGen       total 349696K, used 349695K [0x00000000e0000000, 0x00000000f5580000, 0x00000000f5580000)
  object space 349696K, 99% used [0x00000000e0000000,0x00000000f557fd10,0x00000000f5580000)
 Metaspace       used 61619K, committed 62720K, reserved 1105920K
  class space    used 5947K, committed 6464K, reserved 1048576K
}
Event: 2009.246 GC heap after
{Heap after GC invocations=921 (full 853):
 PSYoungGen      total 53248K, used 43519K [0x00000000f5580000, 0x00000000fa800000, 0x0000000100000000)
  eden space 43520K, 99% used [0x00000000f5580000,0x00000000f7ffffc0,0x00000000f8000000)
  from space 9728K, 0% used [0x00000000f9e80000,0x00000000f9e80000,0x00000000fa800000)
  to   space 19968K, 0% used [0x00000000f8700000,0x00000000f8700000,0x00000000f9a80000)
 ParOldGen       total 349696K, used 349694K [0x00000000e0000000, 0x00000000f5580000, 0x00000000f5580000)
  object space 349696K, 99% used [0x00000000e0000000,0x00000000f557fa88,0x00000000f5580000)
 Metaspace       used 61619K, committed 62720K, reserved 1105920K
  class space    used 5947K, committed 6464K, reserved 1048576K
}
Event: 2009.246 GC heap before
{Heap before GC invocations=922 (full 854):
 PSYoungGen      total 53248K, used 43519K [0x00000000f5580000, 0x00000000fa800000, 0x0000000100000000)
  eden space 43520K, 99% used [0x00000000f5580000,0x00000000f7ffffc0,0x00000000f8000000)
  from space 9728K, 0% used [0x00000000f9e80000,0x00000000f9e80000,0x00000000fa800000)
  to   space 19968K, 0% used [0x00000000f8700000,0x00000000f8700000,0x00000000f9a80000)
 ParOldGen       total 349696K, used 349694K [0x00000000e0000000, 0x00000000f5580000, 0x00000000f5580000)
  object space 349696K, 99% used [0x00000000e0000000,0x00000000f557fa88,0x00000000f5580000)
 Metaspace       used 61619K, committed 62720K, reserved 1105920K
  class space    used 5947K, committed 6464K, reserved 1048576K
}
Event: 2011.211 GC heap after
{Heap after GC invocations=922 (full 854):
 PSYoungGen      total 63488K, used 43519K [0x00000000f5580000, 0x00000000fa800000, 0x0000000100000000)
  eden space 43520K, 99% used [0x00000000f5580000,0x00000000f7ffffc0,0x00000000f8000000)
  from space 19968K, 0% used [0x00000000f8700000,0x00000000f8700000,0x00000000f9a80000)
  to   space 9728K, 0% used [0x00000000f9e80000,0x00000000f9e80000,0x00000000fa800000)
 ParOldGen       total 349696K, used 349694K [0x00000000e0000000, 0x00000000f5580000, 0x00000000f5580000)
  object space 349696K, 99% used [0x00000000e0000000,0x00000000f557fa88,0x00000000f5580000)
 Metaspace       used 61619K, committed 62720K, reserved 1105920K
  class space    used 5947K, committed 6464K, reserved 1048576K
}

